<?xml version="1.0" encoding="UTF-8"?>
<testsuite name="edu.coursera.distributed.FileServerTest" time="0.182" tests="8" errors="0" skipped="0" failures="0">
  <properties>
    <property name="java.runtime.name" value="Java(TM) SE Runtime Environment"/>
    <property name="java.vm.version" value="12+33"/>
    <property name="sun.boot.library.path" value="/Library/Java/JavaVirtualMachines/jdk-12.jdk/Contents/Home/lib"/>
    <property name="maven.multiModuleProjectDirectory" value="/Users/siyangzhang/Parallel-Concurrent-Distributed-Programming/Distributed Programming/miniproject_2"/>
    <property name="java.vm.vendor" value="Oracle Corporation"/>
    <property name="java.vendor.url" value="https://java.oracle.com/"/>
    <property name="guice.disable.misplaced.annotation.check" value="true"/>
    <property name="path.separator" value=":"/>
    <property name="java.vm.name" value="Java HotSpot(TM) 64-Bit Server VM"/>
    <property name="user.script" value="Hans"/>
    <property name="user.country" value="CN"/>
    <property name="sun.java.launcher" value="SUN_STANDARD"/>
    <property name="java.vm.specification.name" value="Java Virtual Machine Specification"/>
    <property name="user.dir" value="/Users/siyangzhang/Parallel-Concurrent-Distributed-Programming/Distributed Programming/miniproject_2"/>
    <property name="java.vm.compressedOopsMode" value="Zero based"/>
    <property name="java.runtime.version" value="12+33"/>
    <property name="java.awt.graphicsenv" value="sun.awt.CGraphicsEnvironment"/>
    <property name="os.arch" value="x86_64"/>
    <property name="java.io.tmpdir" value="/var/folders/m5/fcy49f1s46x5x8rjd74dnq800000gn/T/"/>
    <property name="line.separator" value="&#10;"/>
    <property name="socksProxyPort" value="1086"/>
    <property name="java.vm.specification.vendor" value="Oracle Corporation"/>
    <property name="https.proxyHost" value="127.0.0.1"/>
    <property name="os.name" value="Mac OS X"/>
    <property name="maven.ext.class.path" value="/Applications/IntelliJ IDEA.app/Contents/plugins/maven/lib/maven-event-listener.jar"/>
    <property name="classworlds.conf" value="/Applications/IntelliJ IDEA.app/Contents/plugins/maven/lib/maven3/bin/m2.conf"/>
    <property name="sun.jnu.encoding" value="UTF-8"/>
    <property name="http.proxyPort" value="1087"/>
    <property name="java.library.path" value="/Users/siyangzhang/Library/Java/Extensions:/Library/Java/Extensions:/Network/Library/Java/Extensions:/System/Library/Java/Extensions:/usr/lib/java:."/>
    <property name="maven.conf" value="/Applications/IntelliJ IDEA.app/Contents/plugins/maven/lib/maven3/conf"/>
    <property name="jdk.debug" value="release"/>
    <property name="java.class.version" value="56.0"/>
    <property name="java.specification.name" value="Java Platform API Specification"/>
    <property name="sun.management.compiler" value="HotSpot 64-Bit Tiered Compilers"/>
    <property name="os.version" value="10.14.6"/>
    <property name="http.nonProxyHosts" value="127.0.0.1|localhost|*.localhost"/>
    <property name="user.home" value="/Users/siyangzhang"/>
    <property name="user.timezone" value="Asia/Shanghai"/>
    <property name="file.encoding" value="UTF-8"/>
    <property name="java.specification.version" value="12"/>
    <property name="user.name" value="siyangzhang"/>
    <property name="idea.version2019.2.3" value="true"/>
    <property name="java.class.path" value="/Applications/IntelliJ IDEA.app/Contents/plugins/maven/lib/maven3/boot/plexus-classworlds-2.6.0.jar"/>
    <property name="socksProxyHost" value="127.0.0.1"/>
    <property name="java.vm.specification.version" value="12"/>
    <property name="sun.arch.data.model" value="64"/>
    <property name="sun.java.command" value="org.codehaus.classworlds.Launcher -Didea.version2019.2.3 test"/>
    <property name="java.home" value="/Library/Java/JavaVirtualMachines/jdk-12.jdk/Contents/Home"/>
    <property name="user.language" value="zh"/>
    <property name="java.specification.vendor" value="Oracle Corporation"/>
    <property name="awt.toolkit" value="sun.lwawt.macosx.LWCToolkit"/>
    <property name="java.vm.info" value="mixed mode, sharing"/>
    <property name="java.version" value="12"/>
    <property name="http.proxyHost" value="127.0.0.1"/>
    <property name="java.vendor" value="Oracle Corporation"/>
    <property name="maven.home" value="/Applications/IntelliJ IDEA.app/Contents/plugins/maven/lib/maven3"/>
    <property name="file.separator" value="/"/>
    <property name="java.version.date" value="2019-03-19"/>
    <property name="java.vendor.url.bug" value="https://bugreport.java.com/bugreport/"/>
    <property name="sun.io.unicode.encoding" value="UnicodeBig"/>
    <property name="sun.cpu.endian" value="little"/>
    <property name="https.proxyPort" value="1087"/>
    <property name="socksNonProxyHosts" value="127.0.0.1|localhost|*.localhost"/>
    <property name="ftp.nonProxyHosts" value="127.0.0.1|localhost|*.localhost"/>
  </properties>
  <testcase name="testTermination" classname="edu.coursera.distributed.FileServerTest" time="0.04"/>
  <testcase name="testFileGet" classname="edu.coursera.distributed.FileServerTest" time="0.099"/>
  <testcase name="testFileGets" classname="edu.coursera.distributed.FileServerTest" time="0.006"/>
  <testcase name="testNestedFileGet" classname="edu.coursera.distributed.FileServerTest" time="0.007"/>
  <testcase name="testDoublyNestedFileGet" classname="edu.coursera.distributed.FileServerTest" time="0.005"/>
  <testcase name="testLargeFileGet" classname="edu.coursera.distributed.FileServerTest" time="0.007"/>
  <testcase name="testMissingFileGet" classname="edu.coursera.distributed.FileServerTest" time="0.011"/>
  <testcase name="testMissingNestedFileGet" classname="edu.coursera.distributed.FileServerTest" time="0.007"/>
</testsuite>